<?xml version="1.0" encoding="UTF-8"?>
<testsuite name="li.angu.challengeplugin.utils.LanguageManagerTest" tests="5" skipped="0" failures="0" errors="0" timestamp="2025-03-22T00:57:22" hostname="MacBook-Pro-5.local" time="0.035">
  <properties/>
  <testcase name="test getting available languages()" classname="li.angu.challengeplugin.utils.LanguageManagerTest" time="0.007"/>
  <testcase name="test getting message with placeholder replacement()" classname="li.angu.challengeplugin.utils.LanguageManagerTest" time="0.007"/>
  <testcase name="test setting and getting player language()" classname="li.angu.challengeplugin.utils.LanguageManagerTest" time="0.007"/>
  <testcase name="test getting message for a specific language()" classname="li.angu.challengeplugin.utils.LanguageManagerTest" time="0.007"/>
  <testcase name="test default language is set to English()" classname="li.angu.challengeplugin.utils.LanguageManagerTest" time="0.007"/>
  <system-out><![CDATA[]]></system-out>
  <system-err><![CDATA[[01:57:22 INFORMATION]: Loaded language: en
[01:57:22 INFORMATION]: Loaded language: de
[01:57:22 INFORMATION]: ChallengePlugin has been enabled!
[01:57:22 INFORMATION]: Loaded language: en
[01:57:22 INFORMATION]: Loaded language: de
[01:57:22 INFORMATION]: Loaded language: en
[01:57:22 INFORMATION]: Loaded language: de
[01:57:22 INFORMATION]: ChallengePlugin has been enabled!
[01:57:22 INFORMATION]: Loaded language: en
[01:57:22 INFORMATION]: Loaded language: de
[01:57:22 INFORMATION]: Loaded language: en
[01:57:22 INFORMATION]: Loaded language: de
[01:57:22 INFORMATION]: ChallengePlugin has been enabled!
[01:57:22 INFORMATION]: Loaded language: en
[01:57:22 INFORMATION]: Loaded language: de
[01:57:22 INFORMATION]: Loaded language: en
[01:57:22 INFORMATION]: Loaded language: de
[01:57:22 INFORMATION]: ChallengePlugin has been enabled!
[01:57:22 INFORMATION]: Loaded language: en
[01:57:22 INFORMATION]: Loaded language: de
[01:57:22 INFORMATION]: Loaded language: en
[01:57:22 INFORMATION]: Loaded language: de
[01:57:22 INFORMATION]: ChallengePlugin has been enabled!
[01:57:22 INFORMATION]: Loaded language: en
[01:57:22 INFORMATION]: Loaded language: de
]]></system-err>
</testsuite>
