<?xml version="1.0" encoding="UTF-8"?>
<testsuite name="li.angu.challengeplugin.utils.TimeFormatterTest" tests="5" skipped="0" failures="0" errors="0" timestamp="2025-03-22T00:57:22" hostname="MacBook-Pro-5.local" time="0.002">
  <properties/>
  <testcase name="test format duration with minutes and seconds()" classname="li.angu.challengeplugin.utils.TimeFormatterTest" time="0.0"/>
  <testcase name="test format duration with zero values()" classname="li.angu.challengeplugin.utils.TimeFormatterTest" time="0.001"/>
  <testcase name="test format duration with days, hours, minutes and seconds()" classname="li.angu.challengeplugin.utils.TimeFormatterTest" time="0.0"/>
  <testcase name="test format duration with hours, minutes and seconds()" classname="li.angu.challengeplugin.utils.TimeFormatterTest" time="0.0"/>
  <testcase name="test format duration with only seconds()" classname="li.angu.challengeplugin.utils.TimeFormatterTest" time="0.0"/>
  <system-out><![CDATA[]]></system-out>
  <system-err><![CDATA[]]></system-err>
</testsuite>
