<?xml version="1.0" encoding="UTF-8"?>
<testsuite name="li.angu.challengeplugin.models.ChallengeTest" tests="11" skipped="0" failures="0" errors="0" timestamp="2025-03-22T00:57:20" hostname="MacBook-Pro-5.local" time="0.815">
  <properties/>
  <testcase name="test add player to non-active challenge()" classname="li.angu.challengeplugin.models.ChallengeTest" time="0.783"/>
  <testcase name="test setup player for challenge()" classname="li.angu.challengeplugin.models.ChallengeTest" time="0.009"/>
  <testcase name="test fail challenge()" classname="li.angu.challengeplugin.models.ChallengeTest" time="0.002"/>
  <testcase name="test complete challenge()" classname="li.angu.challengeplugin.models.ChallengeTest" time="0.001"/>
  <testcase name="test get formatted duration for completed challenge()" classname="li.angu.challengeplugin.models.ChallengeTest" time="0.005"/>
  <testcase name="test get formatted duration for active challenge()" classname="li.angu.challengeplugin.models.ChallengeTest" time="0.001"/>
  <testcase name="test challenge creation()" classname="li.angu.challengeplugin.models.ChallengeTest" time="0.001"/>
  <testcase name="test remove player from challenge()" classname="li.angu.challengeplugin.models.ChallengeTest" time="0.001"/>
  <testcase name="test is player in challenge()" classname="li.angu.challengeplugin.models.ChallengeTest" time="0.001"/>
  <testcase name="test get formatted duration when not started()" classname="li.angu.challengeplugin.models.ChallengeTest" time="0.001"/>
  <testcase name="test add player to challenge()" classname="li.angu.challengeplugin.models.ChallengeTest" time="0.002"/>
  <system-out><![CDATA[]]></system-out>
  <system-err><![CDATA[WARNING: A Java agent has been loaded dynamically (/Users/work/.gradle/caches/modules-2/files-2.1/net.bytebuddy/byte-buddy-agent/1.14.11/f9cb566608fbac6bc7bf54901a7aa11543a989ee/byte-buddy-agent-1.14.11.jar)
WARNING: If a serviceability tool is in use, please run with -XX:+EnableDynamicAgentLoading to hide this warning
WARNING: If a serviceability tool is not in use, please run with -Djdk.instrument.traceUsage for more information
WARNING: Dynamic loading of agents will be disallowed by default in a future release
]]></system-err>
</testsuite>
