<?xml version="1.0" encoding="UTF-8"?>
<testsuite name="li.angu.challengeplugin.ChallengePluginPluginTest" tests="2" skipped="0" failures="0" errors="0" timestamp="2025-03-22T00:57:21" hostname="MacBook-Pro-5.local" time="0.381">
  <properties/>
  <testcase name="test managers are created correctly()" classname="li.angu.challengeplugin.ChallengePluginPluginTest" time="0.369"/>
  <testcase name="test plugin initializes properly()" classname="li.angu.challengeplugin.ChallengePluginPluginTest" time="0.012"/>
  <system-out><![CDATA[]]></system-out>
  <system-err><![CDATA[[01:57:21 INFORMATION]: Loaded language: en
[01:57:21 INFORMATION]: Loaded language: de
SLF4J: No SLF4J providers were found.
SLF4J: Defaulting to no-operation (NOP) logger implementation
SLF4J: See https://www.slf4j.org/codes.html#noProviders for further details.
[01:57:21 INFORMATION]: ChallengePlugin has been enabled!
[01:57:21 INFORMATION]: Loaded language: en
[01:57:21 INFORMATION]: Loaded language: de
[01:57:21 INFORMATION]: ChallengePlugin has been enabled!
]]></system-err>
</testsuite>
