<?xml version="1.0" encoding="UTF-8"?>
<testsuite name="li.angu.challengeplugin.managers.ChallengeManagerTest" tests="7" skipped="0" failures="0" errors="0" timestamp="2025-03-22T00:57:22" hostname="MacBook-Pro-5.local" time="0.065">
  <properties/>
  <testcase name="test join and leave challenge()" classname="li.angu.challengeplugin.managers.ChallengeManagerTest" time="0.012"/>
  <testcase name="test get all challenges()" classname="li.angu.challengeplugin.managers.ChallengeManagerTest" time="0.009"/>
  <testcase name="test join different challenge()" classname="li.angu.challengeplugin.managers.ChallengeManagerTest" time="0.008"/>
  <testcase name="test get active challenges()" classname="li.angu.challengeplugin.managers.ChallengeManagerTest" time="0.008"/>
  <testcase name="test join already joined challenge()" classname="li.angu.challengeplugin.managers.ChallengeManagerTest" time="0.009"/>
  <testcase name="test complete challenge()" classname="li.angu.challengeplugin.managers.ChallengeManagerTest" time="0.009"/>
  <testcase name="test create challenge()" classname="li.angu.challengeplugin.managers.ChallengeManagerTest" time="0.007"/>
  <system-out><![CDATA[]]></system-out>
  <system-err><![CDATA[[01:57:22 INFORMATION]: Loaded language: en
[01:57:22 INFORMATION]: Loaded language: de
[01:57:22 INFORMATION]: ChallengePlugin has been enabled!
[01:57:22 INFORMATION]: Created new hardcore world: challenge_fa502075
[01:57:22 INFORMATION]: Loaded language: en
[01:57:22 INFORMATION]: Loaded language: de
[01:57:22 INFORMATION]: ChallengePlugin has been enabled!
[01:57:22 INFORMATION]: Created new hardcore world: challenge_c520b049
[01:57:22 INFORMATION]: Created new hardcore world: challenge_c246d399
[01:57:22 INFORMATION]: Loaded language: en
[01:57:22 INFORMATION]: Loaded language: de
[01:57:22 INFORMATION]: ChallengePlugin has been enabled!
[01:57:22 INFORMATION]: Created new hardcore world: challenge_dcf68dbb
[01:57:22 INFORMATION]: Created new hardcore world: challenge_7b425027
[01:57:22 INFORMATION]: Loaded language: en
[01:57:22 INFORMATION]: Loaded language: de
[01:57:22 INFORMATION]: ChallengePlugin has been enabled!
[01:57:22 INFORMATION]: Created new hardcore world: challenge_b233511f
[01:57:22 INFORMATION]: Created new hardcore world: challenge_5be0c477
[01:57:22 INFORMATION]: Loaded language: en
[01:57:22 INFORMATION]: Loaded language: de
[01:57:22 INFORMATION]: ChallengePlugin has been enabled!
[01:57:22 INFORMATION]: Created new hardcore world: challenge_b330f376
[01:57:22 INFORMATION]: Loaded language: en
[01:57:22 INFORMATION]: Loaded language: de
[01:57:22 INFORMATION]: ChallengePlugin has been enabled!
[01:57:22 INFORMATION]: Created new hardcore world: challenge_8104cfd8
[01:57:22 INFORMATION]: Loaded language: en
[01:57:22 INFORMATION]: Loaded language: de
[01:57:22 INFORMATION]: ChallengePlugin has been enabled!
[01:57:22 INFORMATION]: Created new hardcore world: challenge_8b672a7b
]]></system-err>
</testsuite>
